# JRE version: Java(TM) SE Runtime Environment (8.0_211-b12) (build 1.8.0_211-b12)
# Java VM: Java HotSpot(TM) 64-Bit Server VM (25.211-b12 mixed mode windows-amd64 compressed oops)
Heap:
 PSYoungGen      total 111616K, used 20366K [0x00000000d6200000, 0x00000000dd980000, 0x0000000100000000)
  eden space 101888K, 19% used [0x00000000d6200000,0x00000000d75e3890,0x00000000dc580000)
  from space 9728K, 0% used [0x00000000dc680000,0x00000000dc680000,0x00000000dd000000)
  to   space 8192K, 0% used [0x00000000dd180000,0x00000000dd180000,0x00000000dd980000)
 ParOldGen       total 86016K, used 12933K [0x0000000082600000, 0x0000000087a00000, 0x00000000d6200000)
  object space 86016K, 15% used [0x0000000082600000,0x00000000832a17f0,0x0000000087a00000)
 Metaspace       used 36942K, capacity 38772K, committed 39000K, reserved 1083392K
  class space    used 4769K, capacity 5128K, committed 5248K, reserved 1048576K
GC Heap History (10 events):
Event: 2.785 GC heap before
{Heap before GC invocations=5 (full 1):
 PSYoungGen      total 70656K, used 5088K [0x00000000d6200000, 0x00000000dac00000, 0x0000000100000000)
  eden space 65536K, 0% used [0x00000000d6200000,0x00000000d6200000,0x00000000da200000)
  from space 5120K, 99% used [0x00000000da700000,0x00000000dabf8030,0x00000000dac00000)
  to   space 5120K, 0% used [0x00000000da200000,0x00000000da200000,0x00000000da700000)
 ParOldGen       total 86016K, used 5896K [0x0000000082600000, 0x0000000087a00000, 0x00000000d6200000)
  object space 86016K, 6% used [0x0000000082600000,0x0000000082bc2160,0x0000000087a00000)
 Metaspace       used 19903K, capacity 21120K, committed 21248K, reserved 1067008K
  class space    used 2709K, capacity 2992K, committed 3072K, reserved 1048576K
Event: 2.826 GC heap after
Heap after GC invocations=5 (full 1):
 PSYoungGen      total 70656K, used 0K [0x00000000d6200000, 0x00000000dac00000, 0x0000000100000000)
  eden space 65536K, 0% used [0x00000000d6200000,0x00000000d6200000,0x00000000da200000)
  from space 5120K, 0% used [0x00000000da700000,0x00000000da700000,0x00000000dac00000)
  to   space 5120K, 0% used [0x00000000da200000,0x00000000da200000,0x00000000da700000)
 ParOldGen       total 55808K, used 7171K [0x0000000082600000, 0x0000000085c80000, 0x00000000d6200000)
  object space 55808K, 12% used [0x0000000082600000,0x0000000082d00d70,0x0000000085c80000)
 Metaspace       used 19903K, capacity 21120K, committed 21248K, reserved 1067008K
  class space    used 2709K, capacity 2992K, committed 3072K, reserved 1048576K
}
Event: 4.267 GC heap before
{Heap before GC invocations=6 (full 1):
 PSYoungGen      total 70656K, used 65536K [0x00000000d6200000, 0x00000000dac00000, 0x0000000100000000)
  eden space 65536K, 100% used [0x00000000d6200000,0x00000000da200000,0x00000000da200000)
  from space 5120K, 0% used [0x00000000da700000,0x00000000da700000,0x00000000dac00000)
  to   space 5120K, 0% used [0x00000000da200000,0x00000000da200000,0x00000000da700000)
 ParOldGen       total 55808K, used 7171K [0x0000000082600000, 0x0000000085c80000, 0x00000000d6200000)
  object space 55808K, 12% used [0x0000000082600000,0x0000000082d00d70,0x0000000085c80000)
 Metaspace       used 26238K, capacity 27716K, committed 27904K, reserved 1073152K
  class space    used 3499K, capacity 3814K, committed 3840K, reserved 1048576K
Event: 4.282 GC heap after
Heap after GC invocations=6 (full 1):
 PSYoungGen      total 70656K, used 5094K [0x00000000d6200000, 0x00000000ddb00000, 0x0000000100000000)
  eden space 65536K, 0% used [0x00000000d6200000,0x00000000d6200000,0x00000000da200000)
  from space 5120K, 99% used [0x00000000da200000,0x00000000da6f9940,0x00000000da700000)
  to   space 9728K, 0% used [0x00000000dd180000,0x00000000dd180000,0x00000000ddb00000)
 ParOldGen       total 55808K, used 10247K [0x0000000082600000, 0x0000000085c80000, 0x00000000d6200000)
  object space 55808K, 18% used [0x0000000082600000,0x0000000083001d28,0x0000000085c80000)
 Metaspace       used 26238K, capacity 27716K, committed 27904K, reserved 1073152K
  class space    used 3499K, capacity 3814K, committed 3840K, reserved 1048576K
}
Event: 5.769 GC heap before
{Heap before GC invocations=7 (full 1):
 PSYoungGen      total 70656K, used 70630K [0x00000000d6200000, 0x00000000ddb00000, 0x0000000100000000)
  eden space 65536K, 100% used [0x00000000d6200000,0x00000000da200000,0x00000000da200000)
  from space 5120K, 99% used [0x00000000da200000,0x00000000da6f9940,0x00000000da700000)
  to   space 9728K, 0% used [0x00000000dd180000,0x00000000dd180000,0x00000000ddb00000)
 ParOldGen       total 55808K, used 10247K [0x0000000082600000, 0x0000000085c80000, 0x00000000d6200000)
  object space 55808K, 18% used [0x0000000082600000,0x0000000083001d28,0x0000000085c80000)
 Metaspace       used 30274K, capacity 32012K, committed 32128K, reserved 1077248K
  class space    used 4060K, capacity 4394K, committed 4480K, reserved 1048576K
Event: 5.782 GC heap after
Heap after GC invocations=7 (full 1):
 PSYoungGen      total 110080K, used 7856K [0x00000000d6200000, 0x00000000dd980000, 0x0000000100000000)
  eden space 101888K, 0% used [0x00000000d6200000,0x00000000d6200000,0x00000000dc580000)
  from space 8192K, 95% used [0x00000000dd180000,0x00000000dd92c2b8,0x00000000dd980000)
  to   space 9728K, 0% used [0x00000000dc680000,0x00000000dc680000,0x00000000dd000000)
 ParOldGen       total 55808K, used 10255K [0x0000000082600000, 0x0000000085c80000, 0x00000000d6200000)
  object space 55808K, 18% used [0x0000000082600000,0x0000000083003d28,0x0000000085c80000)
 Metaspace       used 30274K, capacity 32012K, committed 32128K, reserved 1077248K
  class space    used 4060K, capacity 4394K, committed 4480K, reserved 1048576K
}
Event: 6.447 GC heap before
{Heap before GC invocations=8 (full 1):
 PSYoungGen      total 110080K, used 48481K [0x00000000d6200000, 0x00000000dd980000, 0x0000000100000000)
  eden space 101888K, 39% used [0x00000000d6200000,0x00000000d89ac338,0x00000000dc580000)
  from space 8192K, 95% used [0x00000000dd180000,0x00000000dd92c2b8,0x00000000dd980000)
  to   space 9728K, 0% used [0x00000000dc680000,0x00000000dc680000,0x00000000dd000000)
 ParOldGen       total 55808K, used 10255K [0x0000000082600000, 0x0000000085c80000, 0x00000000d6200000)
  object space 55808K, 18% used [0x0000000082600000,0x0000000083003d28,0x0000000085c80000)
 Metaspace       used 33500K, capacity 35242K, committed 35416K, reserved 1079296K
  class space    used 4401K, capacity 4731K, committed 4736K, reserved 1048576K
Event: 6.461 GC heap after
Heap after GC invocations=8 (full 1):
 PSYoungGen      total 111616K, used 8163K [0x00000000d6200000, 0x00000000dd980000, 0x0000000100000000)
  eden space 101888K, 0% used [0x00000000d6200000,0x00000000d6200000,0x00000000dc580000)
  from space 9728K, 83% used [0x00000000dc680000,0x00000000dce78ee8,0x00000000dd000000)
  to   space 8192K, 0% used [0x00000000dd180000,0x00000000dd180000,0x00000000dd980000)
 ParOldGen       total 55808K, used 10263K [0x0000000082600000, 0x0000000085c80000, 0x00000000d6200000)
  object space 55808K, 18% used [0x0000000082600000,0x0000000083005d28,0x0000000085c80000)
 Metaspace       used 33500K, capacity 35242K, committed 35416K, reserved 1079296K
  class space    used 4401K, capacity 4731K, committed 4736K, reserved 1048576K
}
Event: 6.461 GC heap before
{Heap before GC invocations=9 (full 2):
 PSYoungGen      total 111616K, used 8163K [0x00000000d6200000, 0x00000000dd980000, 0x0000000100000000)
  eden space 101888K, 0% used [0x00000000d6200000,0x00000000d6200000,0x00000000dc580000)
  from space 9728K, 83% used [0x00000000dc680000,0x00000000dce78ee8,0x00000000dd000000)
  to   space 8192K, 0% used [0x00000000dd180000,0x00000000dd180000,0x00000000dd980000)
 ParOldGen       total 55808K, used 10263K [0x0000000082600000, 0x0000000085c80000, 0x00000000d6200000)
  object space 55808K, 18% used [0x0000000082600000,0x0000000083005d28,0x0000000085c80000)
 Metaspace       used 33500K, capacity 35242K, committed 35416K, reserved 1079296K
  class space    used 4401K, capacity 4731K, committed 4736K, reserved 1048576K
Event: 6.558 GC heap after
Heap after GC invocations=9 (full 2):
 PSYoungGen      total 111616K, used 0K [0x00000000d6200000, 0x00000000dd980000, 0x0000000100000000)
  eden space 101888K, 0% used [0x00000000d6200000,0x00000000d6200000,0x00000000dc580000)
  from space 9728K, 0% used [0x00000000dc680000,0x00000000dc680000,0x00000000dd000000)
  to   space 8192K, 0% used [0x00000000dd180000,0x00000000dd180000,0x00000000dd980000)
 ParOldGen       total 86016K, used 12933K [0x0000000082600000, 0x0000000087a00000, 0x00000000d6200000)
  object space 86016K, 15% used [0x0000000082600000,0x00000000832a17f0,0x0000000087a00000)
 Metaspace       used 33500K, capacity 35242K, committed 35416K, reserved 1079296K
  class space    used 4401K, capacity 4731K, committed 4736K, reserved 1048576K
}

